<?xml version="1.0" encoding="UTF-8"?>
<testsuite xmlns:xsi="http://www.w3.org/2001/XMLSchema-instance" xsi:noNamespaceSchemaLocation="https://maven.apache.org/surefire/maven-surefire-plugin/xsd/surefire-test-report.xsd" name="TestSuite" time="125.838" tests="2" errors="0" skipped="0" failures="0">
  <properties>
[...]
</properties>
  <testcase name="sendAssetToAnotherWallet" classname="tests.onBoarding.OnboardingTest" time="7.882"/>
  <testcase name="sendlet" classname="tests.onBoarding.OnboardingTest" time="6.181"/>
</testsuite>