<?xml version="1.0" encoding="UTF-8"?>
<testng-results ignored="0" total="2" passed="2" failed="0" skipped="0">
  <reporter-output>
  </reporter-output>
  <suite started-at="2023-05-10T17:41:15Z" name="First" finished-at="2023-05-10T17:43:19Z" duration-ms="124080">
    <groups>
    </groups>
    <test started-at="2023-05-10T17:41:15Z" name="FirstTest" finished-at="2023-05-10T17:43:19Z" duration-ms="124080">
      <class name="tests.onBoarding.OnboardingTest">
        <test-method is-config="true" signature="createDriver()[pri:0, instance:tests.onBoarding.OnboardingTest@4d178d55]" started-at="2023-05-10T17:41:15Z" name="createDriver" finished-at="2023-05-10T17:42:17Z" duration-ms="61858" status="PASS">
          <reporter-output>
          </reporter-output>
        </test-method> <!-- createDriver -->
        <test-method signature="sendAssetToAnotherWallet()[pri:0, instance:tests.onBoarding.OnboardingTest@4d178d55]" started-at="2023-05-10T17:42:17Z" name="sendAssetToAnotherWallet" finished-at="2023-05-10T17:42:25Z" duration-ms="7880" status="PASS">
          <reporter-output>
          </reporter-output>
        </test-method> <!-- sendAssetToAnotherWallet -->
        <test-method is-config="true" signature="closeApplication()[pri:0, instance:tests.onBoarding.OnboardingTest@4d178d55]" started-at="2023-05-10T17:42:25Z" name="closeApplication" finished-at="2023-05-10T17:42:26Z" duration-ms="845" status="PASS">
          <reporter-output>
          </reporter-output>
        </test-method> <!-- closeApplication -->
        <test-method is-config="true" signature="createDriver()[pri:0, instance:tests.onBoarding.OnboardingTest@4d178d55]" started-at="2023-05-10T17:42:26Z" name="createDriver" finished-at="2023-05-10T17:43:12Z" duration-ms="46222" status="PASS">
          <reporter-output>
          </reporter-output>
        </test-method> <!-- createDriver -->
        <test-method signature="sendlet()[pri:0, instance:tests.onBoarding.OnboardingTest@4d178d55]" started-at="2023-05-10T17:43:12Z" name="sendlet" finished-at="2023-05-10T17:43:18Z" duration-ms="6181" status="PASS">
          <reporter-output>
          </reporter-output>
        </test-method> <!-- sendlet -->
        <test-method is-config="true" signature="closeApplication()[pri:0, instance:tests.onBoarding.OnboardingTest@4d178d55]" started-at="2023-05-10T17:43:18Z" name="closeApplication" finished-at="2023-05-10T17:43:19Z" duration-ms="859" status="PASS">
          <reporter-output>
          </reporter-output>
        </test-method> <!-- closeApplication -->
      </class> <!-- tests.onBoarding.OnboardingTest -->
    </test> <!-- FirstTest -->
  </suite> <!-- First -->
</testng-results>
